This is pdfTeX, Version 3.14159265-2.6-1.40.18 (TeX Live 2017/Debian) (preloaded format=pdflatex 2019.12.18)  28 JUL 2022 16:09
entering extended mode
 restricted \write18 enabled.
 %&-line parsing enabled.
**main.tex
(./main.tex
LaTeX2e <2017-04-15>
Babel <3.18> and hyphenation patterns for 84 language(s) loaded.
(/usr/share/texlive/texmf-dist/tex/latex/base/article.cls
Document Class: article 2014/09/29 v1.4h Standard LaTeX document class
(/usr/share/texlive/texmf-dist/tex/latex/base/size10.clo
File: size10.clo 2014/09/29 v1.4h Standard LaTeX file (size option)
)
\c@part=\count79
\c@section=\count80
\c@subsection=\count81
\c@subsubsection=\count82
\c@paragraph=\count83
\c@subparagraph=\count84
\c@figure=\count85
\c@table=\count86
\abovecaptionskip=\skip41
\belowcaptionskip=\skip42
\bibindent=\dimen102
)
(/usr/share/texlive/texmf-dist/tex/latex/mathtools/mathtools.sty
Package: mathtools 2018/01/08 v1.21 mathematical typesetting tools

(/usr/share/texlive/texmf-dist/tex/latex/graphics/keyval.sty
Package: keyval 2014/10/28 v1.15 key=value parser (DPC)
\KV@toks@=\toks14
)
(/usr/share/texlive/texmf-dist/tex/latex/tools/calc.sty
Package: calc 2014/10/28 v4.3 Infix arithmetic (KKT,FJ)
\calc@Acount=\count87
\calc@Bcount=\count88
\calc@Adimen=\dimen103
\calc@Bdimen=\dimen104
\calc@Askip=\skip43
\calc@Bskip=\skip44
LaTeX Info: Redefining \setlength on input line 80.
LaTeX Info: Redefining \addtolength on input line 81.
\calc@Ccount=\count89
\calc@Cskip=\skip45
)
(/usr/share/texlive/texmf-dist/tex/latex/mathtools/mhsetup.sty
Package: mhsetup 2017/03/31 v1.3 programming setup (MH)
)
(/usr/share/texlive/texmf-dist/tex/latex/amsmath/amsmath.sty
Package: amsmath 2017/09/02 v2.17a AMS math features
\@mathmargin=\skip46

For additional information on amsmath, use the `?' option.
(/usr/share/texlive/texmf-dist/tex/latex/amsmath/amstext.sty
Package: amstext 2000/06/29 v2.01 AMS text

(/usr/share/texlive/texmf-dist/tex/latex/amsmath/amsgen.sty
File: amsgen.sty 1999/11/30 v2.0 generic functions
\@emptytoks=\toks15
\ex@=\dimen105
))
(/usr/share/texlive/texmf-dist/tex/latex/amsmath/amsbsy.sty
Package: amsbsy 1999/11/29 v1.2d Bold Symbols
\pmbraise@=\dimen106
)
(/usr/share/texlive/texmf-dist/tex/latex/amsmath/amsopn.sty
Package: amsopn 2016/03/08 v2.02 operator names
)
\inf@bad=\count90
LaTeX Info: Redefining \frac on input line 213.
\uproot@=\count91
\leftroot@=\count92
LaTeX Info: Redefining \overline on input line 375.
\classnum@=\count93
\DOTSCASE@=\count94
LaTeX Info: Redefining \ldots on input line 472.
LaTeX Info: Redefining \dots on input line 475.
LaTeX Info: Redefining \cdots on input line 596.
\Mathstrutbox@=\box26
\strutbox@=\box27
\big@size=\dimen107
LaTeX Font Info:    Redeclaring font encoding OML on input line 712.
LaTeX Font Info:    Redeclaring font encoding OMS on input line 713.
\macc@depth=\count95
\c@MaxMatrixCols=\count96
\dotsspace@=\muskip10
\c@parentequation=\count97
\dspbrk@lvl=\count98
\tag@help=\toks16
\row@=\count99
\column@=\count100
\maxfields@=\count101
\andhelp@=\toks17
\eqnshift@=\dimen108
\alignsep@=\dimen109
\tagshift@=\dimen110
\tagwidth@=\dimen111
\totwidth@=\dimen112
\lineht@=\dimen113
\@envbody=\toks18
\multlinegap=\skip47
\multlinetaggap=\skip48
\mathdisplay@stack=\toks19
LaTeX Info: Redefining \[ on input line 2817.
LaTeX Info: Redefining \] on input line 2818.
)
LaTeX Info: Thecontrolsequence`\('isalreadyrobust on input line 129.
LaTeX Info: Thecontrolsequence`\)'isalreadyrobust on input line 129.
LaTeX Info: Thecontrolsequence`\['isalreadyrobust on input line 129.
LaTeX Info: Thecontrolsequence`\]'isalreadyrobust on input line 129.
\g_MT_multlinerow_int=\count102
\l_MT_multwidth_dim=\dimen114
\origjot=\skip49
\l_MT_shortvdotswithinadjustabove_dim=\dimen115
\l_MT_shortvdotswithinadjustbelow_dim=\dimen116
\l_MT_above_intertext_sep=\dimen117
\l_MT_below_intertext_sep=\dimen118
\l_MT_above_shortintertext_sep=\dimen119
\l_MT_below_shortintertext_sep=\dimen120
)
(/usr/share/texlive/texmf-dist/tex/latex/amsfonts/amssymb.sty
Package: amssymb 2013/01/14 v3.01 AMS font symbols

(/usr/share/texlive/texmf-dist/tex/latex/amsfonts/amsfonts.sty
Package: amsfonts 2013/01/14 v3.01 Basic AMSFonts support
\symAMSa=\mathgroup4
\symAMSb=\mathgroup5
LaTeX Font Info:    Overwriting math alphabet `\mathfrak' in version `bold'
(Font)                  U/euf/m/n --> U/euf/b/n on input line 106.
))
(/usr/share/texlive/texmf-dist/tex/latex/tools/bm.sty
Package: bm 2017/01/16 v1.2c Bold Symbol Support (DPC/FMi)
\symboldoperators=\mathgroup6
\symboldletters=\mathgroup7
\symboldsymbols=\mathgroup8
LaTeX Font Info:    Redeclaring math alphabet \mathbf on input line 141.
LaTeX Info: Redefining \bm on input line 207.
)
(/usr/share/texlive/texmf-dist/tex/latex/natbib/natbib.sty
Package: natbib 2010/09/13 8.31b (PWD, AO)
\bibhang=\skip50
\bibsep=\skip51
LaTeX Info: Redefining \cite on input line 694.
\c@NAT@ctr=\count103
)
(/usr/share/texlive/texmf-dist/tex/generic/ulem/ulem.sty
\UL@box=\box28
\UL@hyphenbox=\box29
\UL@skip=\skip52
\UL@hook=\toks20
\UL@height=\dimen121
\UL@pe=\count104
\UL@pixel=\dimen122
\ULC@box=\box30
Package: ulem 2012/05/18
\ULdepth=\dimen123
)
(/usr/share/texlive/texmf-dist/tex/latex/enumitem/enumitem.sty
Package: enumitem 2011/09/28 v3.5.2 Customized lists
\labelindent=\skip53
\enit@outerparindent=\dimen124
\enit@toks=\toks21
\enit@inbox=\box31
\enitdp@description=\count105
)
(/usr/share/texlive/texmf-dist/tex/latex/tcolorbox/tcolorbox.sty
Package: tcolorbox 2018/01/12 version 4.12 text color boxes

(/usr/share/texlive/texmf-dist/tex/latex/pgf/basiclayer/pgf.sty
(/usr/share/texlive/texmf-dist/tex/latex/pgf/utilities/pgfrcs.sty
(/usr/share/texlive/texmf-dist/tex/generic/pgf/utilities/pgfutil-common.tex
\pgfutil@everybye=\toks22
\pgfutil@tempdima=\dimen125
\pgfutil@tempdimb=\dimen126

(/usr/share/texlive/texmf-dist/tex/generic/pgf/utilities/pgfutil-common-lists.t
ex)) (/usr/share/texlive/texmf-dist/tex/generic/pgf/utilities/pgfutil-latex.def
\pgfutil@abb=\box32
(/usr/share/texlive/texmf-dist/tex/latex/ms/everyshi.sty
Package: everyshi 2001/05/15 v3.00 EveryShipout Package (MS)
))
(/usr/share/texlive/texmf-dist/tex/generic/pgf/utilities/pgfrcs.code.tex
Package: pgfrcs 2015/08/07 v3.0.1a (rcs-revision 1.31)
))
Package: pgf 2015/08/07 v3.0.1a (rcs-revision 1.15)

(/usr/share/texlive/texmf-dist/tex/latex/pgf/basiclayer/pgfcore.sty
(/usr/share/texlive/texmf-dist/tex/latex/graphics/graphicx.sty
Package: graphicx 2017/06/01 v1.1a Enhanced LaTeX Graphics (DPC,SPQR)

(/usr/share/texlive/texmf-dist/tex/latex/graphics/graphics.sty
Package: graphics 2017/06/25 v1.2c Standard LaTeX Graphics (DPC,SPQR)

(/usr/share/texlive/texmf-dist/tex/latex/graphics/trig.sty
Package: trig 2016/01/03 v1.10 sin cos tan (DPC)
)
(/usr/share/texlive/texmf-dist/tex/latex/graphics-cfg/graphics.cfg
File: graphics.cfg 2016/06/04 v1.11 sample graphics configuration
)
Package graphics Info: Driver file: pdftex.def on input line 99.

(/usr/share/texlive/texmf-dist/tex/latex/graphics-def/pdftex.def
File: pdftex.def 2018/01/08 v1.0l Graphics/color driver for pdftex
))
\Gin@req@height=\dimen127
\Gin@req@width=\dimen128
)
(/usr/share/texlive/texmf-dist/tex/latex/pgf/systemlayer/pgfsys.sty
(/usr/share/texlive/texmf-dist/tex/generic/pgf/systemlayer/pgfsys.code.tex
Package: pgfsys 2014/07/09 v3.0.1a (rcs-revision 1.48)

(/usr/share/texlive/texmf-dist/tex/generic/pgf/utilities/pgfkeys.code.tex
\pgfkeys@pathtoks=\toks23
\pgfkeys@temptoks=\toks24

(/usr/share/texlive/texmf-dist/tex/generic/pgf/utilities/pgfkeysfiltered.code.t
ex
\pgfkeys@tmptoks=\toks25
))
\pgf@x=\dimen129
\pgf@y=\dimen130
\pgf@xa=\dimen131
\pgf@ya=\dimen132
\pgf@xb=\dimen133
\pgf@yb=\dimen134
\pgf@xc=\dimen135
\pgf@yc=\dimen136
\w@pgf@writea=\write3
\r@pgf@reada=\read1
\c@pgf@counta=\count106
\c@pgf@countb=\count107
\c@pgf@countc=\count108
\c@pgf@countd=\count109
\t@pgf@toka=\toks26
\t@pgf@tokb=\toks27
\t@pgf@tokc=\toks28
 (/usr/share/texlive/texmf-dist/tex/generic/pgf/systemlayer/pgf.cfg
File: pgf.cfg 2008/05/14  (rcs-revision 1.7)
)
Driver file for pgf: pgfsys-pdftex.def

(/usr/share/texlive/texmf-dist/tex/generic/pgf/systemlayer/pgfsys-pdftex.def
File: pgfsys-pdftex.def 2014/10/11  (rcs-revision 1.35)

(/usr/share/texlive/texmf-dist/tex/generic/pgf/systemlayer/pgfsys-common-pdf.de
f
File: pgfsys-common-pdf.def 2013/10/10  (rcs-revision 1.13)
)))
(/usr/share/texlive/texmf-dist/tex/generic/pgf/systemlayer/pgfsyssoftpath.code.
tex
File: pgfsyssoftpath.code.tex 2013/09/09  (rcs-revision 1.9)
\pgfsyssoftpath@smallbuffer@items=\count110
\pgfsyssoftpath@bigbuffer@items=\count111
)
(/usr/share/texlive/texmf-dist/tex/generic/pgf/systemlayer/pgfsysprotocol.code.
tex
File: pgfsysprotocol.code.tex 2006/10/16  (rcs-revision 1.4)
)) (/usr/share/texlive/texmf-dist/tex/latex/xcolor/xcolor.sty
Package: xcolor 2016/05/11 v2.12 LaTeX color extensions (UK)

(/usr/share/texlive/texmf-dist/tex/latex/graphics-cfg/color.cfg
File: color.cfg 2016/01/02 v1.6 sample color configuration
)
Package xcolor Info: Driver file: pdftex.def on input line 225.
Package xcolor Info: Model `cmy' substituted by `cmy0' on input line 1348.
Package xcolor Info: Model `hsb' substituted by `rgb' on input line 1352.
Package xcolor Info: Model `RGB' extended on input line 1364.
Package xcolor Info: Model `HTML' substituted by `rgb' on input line 1366.
Package xcolor Info: Model `Hsb' substituted by `hsb' on input line 1367.
Package xcolor Info: Model `tHsb' substituted by `hsb' on input line 1368.
Package xcolor Info: Model `HSB' substituted by `hsb' on input line 1369.
Package xcolor Info: Model `Gray' substituted by `gray' on input line 1370.
Package xcolor Info: Model `wave' substituted by `hsb' on input line 1371.
)
(/usr/share/texlive/texmf-dist/tex/generic/pgf/basiclayer/pgfcore.code.tex
Package: pgfcore 2010/04/11 v3.0.1a (rcs-revision 1.7)

(/usr/share/texlive/texmf-dist/tex/generic/pgf/math/pgfmath.code.tex
(/usr/share/texlive/texmf-dist/tex/generic/pgf/math/pgfmathcalc.code.tex
(/usr/share/texlive/texmf-dist/tex/generic/pgf/math/pgfmathutil.code.tex)
(/usr/share/texlive/texmf-dist/tex/generic/pgf/math/pgfmathparser.code.tex
\pgfmath@dimen=\dimen137
\pgfmath@count=\count112
\pgfmath@box=\box33
\pgfmath@toks=\toks29
\pgfmath@stack@operand=\toks30
\pgfmath@stack@operation=\toks31
)
(/usr/share/texlive/texmf-dist/tex/generic/pgf/math/pgfmathfunctions.code.tex
(/usr/share/texlive/texmf-dist/tex/generic/pgf/math/pgfmathfunctions.basic.code
.tex)
(/usr/share/texlive/texmf-dist/tex/generic/pgf/math/pgfmathfunctions.trigonomet
ric.code.tex)
(/usr/share/texlive/texmf-dist/tex/generic/pgf/math/pgfmathfunctions.random.cod
e.tex)
(/usr/share/texlive/texmf-dist/tex/generic/pgf/math/pgfmathfunctions.comparison
.code.tex)
(/usr/share/texlive/texmf-dist/tex/generic/pgf/math/pgfmathfunctions.base.code.
tex)
(/usr/share/texlive/texmf-dist/tex/generic/pgf/math/pgfmathfunctions.round.code
.tex)
(/usr/share/texlive/texmf-dist/tex/generic/pgf/math/pgfmathfunctions.misc.code.
tex)
(/usr/share/texlive/texmf-dist/tex/generic/pgf/math/pgfmathfunctions.integerari
thmetics.code.tex)))
(/usr/share/texlive/texmf-dist/tex/generic/pgf/math/pgfmathfloat.code.tex
\c@pgfmathroundto@lastzeros=\count113
))
(/usr/share/texlive/texmf-dist/tex/generic/pgf/basiclayer/pgfcorepoints.code.te
x
File: pgfcorepoints.code.tex 2013/10/07  (rcs-revision 1.27)
\pgf@picminx=\dimen138
\pgf@picmaxx=\dimen139
\pgf@picminy=\dimen140
\pgf@picmaxy=\dimen141
\pgf@pathminx=\dimen142
\pgf@pathmaxx=\dimen143
\pgf@pathminy=\dimen144
\pgf@pathmaxy=\dimen145
\pgf@xx=\dimen146
\pgf@xy=\dimen147
\pgf@yx=\dimen148
\pgf@yy=\dimen149
\pgf@zx=\dimen150
\pgf@zy=\dimen151
)
(/usr/share/texlive/texmf-dist/tex/generic/pgf/basiclayer/pgfcorepathconstruct.
code.tex
File: pgfcorepathconstruct.code.tex 2013/10/07  (rcs-revision 1.29)
\pgf@path@lastx=\dimen152
\pgf@path@lasty=\dimen153
)
(/usr/share/texlive/texmf-dist/tex/generic/pgf/basiclayer/pgfcorepathusage.code
.tex
File: pgfcorepathusage.code.tex 2014/11/02  (rcs-revision 1.24)
\pgf@shorten@end@additional=\dimen154
\pgf@shorten@start@additional=\dimen155
)
(/usr/share/texlive/texmf-dist/tex/generic/pgf/basiclayer/pgfcorescopes.code.te
x
File: pgfcorescopes.code.tex 2015/05/08  (rcs-revision 1.46)
\pgfpic=\box34
\pgf@hbox=\box35
\pgf@layerbox@main=\box36
\pgf@picture@serial@count=\count114
)
(/usr/share/texlive/texmf-dist/tex/generic/pgf/basiclayer/pgfcoregraphicstate.c
ode.tex
File: pgfcoregraphicstate.code.tex 2014/11/02  (rcs-revision 1.12)
\pgflinewidth=\dimen156
)
(/usr/share/texlive/texmf-dist/tex/generic/pgf/basiclayer/pgfcoretransformation
s.code.tex
File: pgfcoretransformations.code.tex 2015/08/07  (rcs-revision 1.20)
\pgf@pt@x=\dimen157
\pgf@pt@y=\dimen158
\pgf@pt@temp=\dimen159
)
(/usr/share/texlive/texmf-dist/tex/generic/pgf/basiclayer/pgfcorequick.code.tex
File: pgfcorequick.code.tex 2008/10/09  (rcs-revision 1.3)
)
(/usr/share/texlive/texmf-dist/tex/generic/pgf/basiclayer/pgfcoreobjects.code.t
ex
File: pgfcoreobjects.code.tex 2006/10/11  (rcs-revision 1.2)
)
(/usr/share/texlive/texmf-dist/tex/generic/pgf/basiclayer/pgfcorepathprocessing
.code.tex
File: pgfcorepathprocessing.code.tex 2013/09/09  (rcs-revision 1.9)
)
(/usr/share/texlive/texmf-dist/tex/generic/pgf/basiclayer/pgfcorearrows.code.te
x
File: pgfcorearrows.code.tex 2015/05/14  (rcs-revision 1.43)
\pgfarrowsep=\dimen160
)
(/usr/share/texlive/texmf-dist/tex/generic/pgf/basiclayer/pgfcoreshade.code.tex
File: pgfcoreshade.code.tex 2013/07/15  (rcs-revision 1.15)
\pgf@max=\dimen161
\pgf@sys@shading@range@num=\count115
)
(/usr/share/texlive/texmf-dist/tex/generic/pgf/basiclayer/pgfcoreimage.code.tex
File: pgfcoreimage.code.tex 2013/07/15  (rcs-revision 1.18)

(/usr/share/texlive/texmf-dist/tex/generic/pgf/basiclayer/pgfcoreexternal.code.
tex
File: pgfcoreexternal.code.tex 2014/07/09  (rcs-revision 1.21)
\pgfexternal@startupbox=\box37
))
(/usr/share/texlive/texmf-dist/tex/generic/pgf/basiclayer/pgfcorelayers.code.te
x
File: pgfcorelayers.code.tex 2013/07/18  (rcs-revision 1.7)
)
(/usr/share/texlive/texmf-dist/tex/generic/pgf/basiclayer/pgfcoretransparency.c
ode.tex
File: pgfcoretransparency.code.tex 2013/09/30  (rcs-revision 1.5)
)
(/usr/share/texlive/texmf-dist/tex/generic/pgf/basiclayer/pgfcorepatterns.code.
tex
File: pgfcorepatterns.code.tex 2013/11/07  (rcs-revision 1.5)
)))
(/usr/share/texlive/texmf-dist/tex/generic/pgf/modules/pgfmoduleshapes.code.tex
File: pgfmoduleshapes.code.tex 2014/03/21  (rcs-revision 1.35)
\pgfnodeparttextbox=\box38
) (/usr/share/texlive/texmf-dist/tex/generic/pgf/modules/pgfmoduleplot.code.tex
File: pgfmoduleplot.code.tex 2015/08/03  (rcs-revision 1.13)
)
(/usr/share/texlive/texmf-dist/tex/latex/pgf/compatibility/pgfcomp-version-0-65
.sty
Package: pgfcomp-version-0-65 2007/07/03 v3.0.1a (rcs-revision 1.7)
\pgf@nodesepstart=\dimen162
\pgf@nodesepend=\dimen163
)
(/usr/share/texlive/texmf-dist/tex/latex/pgf/compatibility/pgfcomp-version-1-18
.sty
Package: pgfcomp-version-1-18 2007/07/23 v3.0.1a (rcs-revision 1.1)
)) (/usr/share/texlive/texmf-dist/tex/latex/tools/verbatim.sty
Package: verbatim 2014/10/28 v1.5q LaTeX2e package for verbatim enhancements
\every@verbatim=\toks32
\verbatim@line=\toks33
\verbatim@in@stream=\read2
)
(/usr/share/texlive/texmf-dist/tex/latex/environ/environ.sty
Package: environ 2014/05/04 v0.3 A new way to define environments

(/usr/share/texlive/texmf-dist/tex/latex/trimspaces/trimspaces.sty
Package: trimspaces 2009/09/17 v1.1 Trim spaces around a token list
))
(/usr/share/texlive/texmf-dist/tex/latex/etoolbox/etoolbox.sty
Package: etoolbox 2018/02/11 v2.5e e-TeX tools for LaTeX (JAW)
\etb@tempcnta=\count116
)
\tcb@titlebox=\box39
\tcb@upperbox=\box40
\tcb@lowerbox=\box41
\tcb@phantombox=\box42
\c@tcbbreakpart=\count117
\c@tcblayer=\count118
\tcolorbox@number=\count119
\tcb@temp=\box43
\tcb@temp=\box44
\tcb@temp=\box45
\tcb@temp=\box46
\tcb@out=\write4
\tcb@record@out=\write5
)
(/usr/share/texlive/texmf-dist/tex/latex/listings/listings.sty
\lst@mode=\count120
\lst@gtempboxa=\box47
\lst@token=\toks34
\lst@length=\count121
\lst@currlwidth=\dimen164
\lst@column=\count122
\lst@pos=\count123
\lst@lostspace=\dimen165
\lst@width=\dimen166
\lst@newlines=\count124
\lst@lineno=\count125
\lst@maxwidth=\dimen167

(/usr/share/texlive/texmf-dist/tex/latex/listings/lstmisc.sty
File: lstmisc.sty 2015/06/04 1.6 (Carsten Heinz)
\c@lstnumber=\count126
\lst@skipnumbers=\count127
\lst@framebox=\box48
)
(/usr/share/texlive/texmf-dist/tex/latex/listings/listings.cfg
File: listings.cfg 2015/06/04 1.6 listings configuration
))
Package: listings 2015/06/04 1.6 (Carsten Heinz)

(/usr/share/texlive/texmf-dist/tex/latex/realboxes/realboxes.sty
Package: realboxes 2011/08/08 v0.2 Change box commands to read there content as
 real boxes

(/usr/share/texlive/texmf-dist/tex/latex/collectbox/collectbox.sty
Package: collectbox 2012/05/17 v0.4b Collect macro arguments as boxes
\collectedbox=\box49
)
(/usr/share/texlive/texmf-dist/tex/latex/adjustbox/adjcalc.sty
Package: adjcalc 2012/05/16 v1.1 Provides advanced setlength with multiple back
-ends (calc, etex, pgfmath)

(/usr/share/texlive/texmf-dist/tex/latex/xkeyval/xkeyval.sty
Package: xkeyval 2014/12/03 v2.7a package option processing (HA)

(/usr/share/texlive/texmf-dist/tex/generic/xkeyval/xkeyval.tex
(/usr/share/texlive/texmf-dist/tex/generic/xkeyval/xkvutils.tex
\XKV@toks=\toks35
\XKV@tempa@toks=\toks36
)
\XKV@depth=\count128
File: xkeyval.tex 2014/12/03 v2.7a key=value parser (HA)
))))
(/usr/share/texlive/texmf-dist/tex/latex/base/textcomp.sty
Package: textcomp 2017/04/05 v2.0i Standard LaTeX package
Package textcomp Info: Sub-encoding information:
(textcomp)               5 = only ISO-Adobe without \textcurrency
(textcomp)               4 = 5 + \texteuro
(textcomp)               3 = 4 + \textohm
(textcomp)               2 = 3 + \textestimated + \textcurrency
(textcomp)               1 = TS1 - \textcircled - \t
(textcomp)               0 = TS1 (full)
(textcomp)             Font families with sub-encoding setting implement
(textcomp)             only a restricted character set as indicated.
(textcomp)             Family '?' is the default used for unknown fonts.
(textcomp)             See the documentation for details.
Package textcomp Info: Setting ? sub-encoding to TS1/1 on input line 79.

(/usr/share/texlive/texmf-dist/tex/latex/base/ts1enc.def
File: ts1enc.def 2001/06/05 v3.0e (jk/car/fm) Standard LaTeX file
)
LaTeX Info: Redefining \oldstylenums on input line 334.
Package textcomp Info: Setting cmr sub-encoding to TS1/0 on input line 349.
Package textcomp Info: Setting cmss sub-encoding to TS1/0 on input line 350.
Package textcomp Info: Setting cmtt sub-encoding to TS1/0 on input line 351.
Package textcomp Info: Setting cmvtt sub-encoding to TS1/0 on input line 352.
Package textcomp Info: Setting cmbr sub-encoding to TS1/0 on input line 353.
Package textcomp Info: Setting cmtl sub-encoding to TS1/0 on input line 354.
Package textcomp Info: Setting ccr sub-encoding to TS1/0 on input line 355.
Package textcomp Info: Setting ptm sub-encoding to TS1/4 on input line 356.
Package textcomp Info: Setting pcr sub-encoding to TS1/4 on input line 357.
Package textcomp Info: Setting phv sub-encoding to TS1/4 on input line 358.
Package textcomp Info: Setting ppl sub-encoding to TS1/3 on input line 359.
Package textcomp Info: Setting pag sub-encoding to TS1/4 on input line 360.
Package textcomp Info: Setting pbk sub-encoding to TS1/4 on input line 361.
Package textcomp Info: Setting pnc sub-encoding to TS1/4 on input line 362.
Package textcomp Info: Setting pzc sub-encoding to TS1/4 on input line 363.
Package textcomp Info: Setting bch sub-encoding to TS1/4 on input line 364.
Package textcomp Info: Setting put sub-encoding to TS1/5 on input line 365.
Package textcomp Info: Setting uag sub-encoding to TS1/5 on input line 366.
Package textcomp Info: Setting ugq sub-encoding to TS1/5 on input line 367.
Package textcomp Info: Setting ul8 sub-encoding to TS1/4 on input line 368.
Package textcomp Info: Setting ul9 sub-encoding to TS1/4 on input line 369.
Package textcomp Info: Setting augie sub-encoding to TS1/5 on input line 370.
Package textcomp Info: Setting dayrom sub-encoding to TS1/3 on input line 371.
Package textcomp Info: Setting dayroms sub-encoding to TS1/3 on input line 372.

Package textcomp Info: Setting pxr sub-encoding to TS1/0 on input line 373.
Package textcomp Info: Setting pxss sub-encoding to TS1/0 on input line 374.
Package textcomp Info: Setting pxtt sub-encoding to TS1/0 on input line 375.
Package textcomp Info: Setting txr sub-encoding to TS1/0 on input line 376.
Package textcomp Info: Setting txss sub-encoding to TS1/0 on input line 377.
Package textcomp Info: Setting txtt sub-encoding to TS1/0 on input line 378.
Package textcomp Info: Setting lmr sub-encoding to TS1/0 on input line 379.
Package textcomp Info: Setting lmdh sub-encoding to TS1/0 on input line 380.
Package textcomp Info: Setting lmss sub-encoding to TS1/0 on input line 381.
Package textcomp Info: Setting lmssq sub-encoding to TS1/0 on input line 382.
Package textcomp Info: Setting lmvtt sub-encoding to TS1/0 on input line 383.
Package textcomp Info: Setting lmtt sub-encoding to TS1/0 on input line 384.
Package textcomp Info: Setting qhv sub-encoding to TS1/0 on input line 385.
Package textcomp Info: Setting qag sub-encoding to TS1/0 on input line 386.
Package textcomp Info: Setting qbk sub-encoding to TS1/0 on input line 387.
Package textcomp Info: Setting qcr sub-encoding to TS1/0 on input line 388.
Package textcomp Info: Setting qcs sub-encoding to TS1/0 on input line 389.
Package textcomp Info: Setting qpl sub-encoding to TS1/0 on input line 390.
Package textcomp Info: Setting qtm sub-encoding to TS1/0 on input line 391.
Package textcomp Info: Setting qzc sub-encoding to TS1/0 on input line 392.
Package textcomp Info: Setting qhvc sub-encoding to TS1/0 on input line 393.
Package textcomp Info: Setting futs sub-encoding to TS1/4 on input line 394.
Package textcomp Info: Setting futx sub-encoding to TS1/4 on input line 395.
Package textcomp Info: Setting futj sub-encoding to TS1/4 on input line 396.
Package textcomp Info: Setting hlh sub-encoding to TS1/3 on input line 397.
Package textcomp Info: Setting hls sub-encoding to TS1/3 on input line 398.
Package textcomp Info: Setting hlst sub-encoding to TS1/3 on input line 399.
Package textcomp Info: Setting hlct sub-encoding to TS1/5 on input line 400.
Package textcomp Info: Setting hlx sub-encoding to TS1/5 on input line 401.
Package textcomp Info: Setting hlce sub-encoding to TS1/5 on input line 402.
Package textcomp Info: Setting hlcn sub-encoding to TS1/5 on input line 403.
Package textcomp Info: Setting hlcw sub-encoding to TS1/5 on input line 404.
Package textcomp Info: Setting hlcf sub-encoding to TS1/5 on input line 405.
Package textcomp Info: Setting pplx sub-encoding to TS1/3 on input line 406.
Package textcomp Info: Setting pplj sub-encoding to TS1/3 on input line 407.
Package textcomp Info: Setting ptmx sub-encoding to TS1/4 on input line 408.
Package textcomp Info: Setting ptmj sub-encoding to TS1/4 on input line 409.
)
(/usr/share/texlive/texmf-dist/tex/latex/caption/caption.sty
Package: caption 2016/02/21 v3.3-144 Customizing captions (AR)

(/usr/share/texlive/texmf-dist/tex/latex/caption/caption3.sty
Package: caption3 2016/05/22 v1.7-166 caption3 kernel (AR)
Package caption3 Info: TeX engine: e-TeX on input line 67.
\captionmargin=\dimen168
\captionmargin@=\dimen169
\captionwidth=\dimen170
\caption@tempdima=\dimen171
\caption@indent=\dimen172
\caption@parindent=\dimen173
\caption@hangindent=\dimen174
)
\c@ContinuedFloat=\count129
Package caption Info: listings package is loaded.
)
(/usr/share/texlive/texmf-dist/tex/latex/colortbl/colortbl.sty
Package: colortbl 2012/02/13 v1.0a Color table columns (DPC)

(/usr/share/texlive/texmf-dist/tex/latex/tools/array.sty
Package: array 2016/10/06 v2.4d Tabular extension package (FMi)
\col@sep=\dimen175
\extrarowheight=\dimen176
\NC@list=\toks37
\extratabsurround=\skip54
\backup@length=\skip55
)
\everycr=\toks38
\minrowclearance=\skip56
)
(/usr/share/texlive/texmf-dist/tex/latex/hyperref/hyperref.sty
Package: hyperref 2018/02/06 v6.86b Hypertext links for LaTeX

(/usr/share/texlive/texmf-dist/tex/generic/oberdiek/hobsub-hyperref.sty
Package: hobsub-hyperref 2016/05/16 v1.14 Bundle oberdiek, subset hyperref (HO)


(/usr/share/texlive/texmf-dist/tex/generic/oberdiek/hobsub-generic.sty
Package: hobsub-generic 2016/05/16 v1.14 Bundle oberdiek, subset generic (HO)
Package: hobsub 2016/05/16 v1.14 Construct package bundles (HO)
Package: infwarerr 2016/05/16 v1.4 Providing info/warning/error messages (HO)
Package: ltxcmds 2016/05/16 v1.23 LaTeX kernel commands for general use (HO)
Package: ifluatex 2016/05/16 v1.4 Provides the ifluatex switch (HO)
Package ifluatex Info: LuaTeX not detected.
Package: ifvtex 2016/05/16 v1.6 Detect VTeX and its facilities (HO)
Package ifvtex Info: VTeX not detected.
Package: intcalc 2016/05/16 v1.2 Expandable calculations with integers (HO)
Package: ifpdf 2017/03/15 v3.2 Provides the ifpdf switch
Package: etexcmds 2016/05/16 v1.6 Avoid name clashes with e-TeX commands (HO)
Package etexcmds Info: Could not find \expanded.
(etexcmds)             That can mean that you are not using pdfTeX 1.50 or
(etexcmds)             that some package has redefined \expanded.
(etexcmds)             In the latter case, load this package earlier.
Package: kvsetkeys 2016/05/16 v1.17 Key value parser (HO)
Package: kvdefinekeys 2016/05/16 v1.4 Define keys (HO)
Package: pdftexcmds 2018/01/21 v0.26 Utility functions of pdfTeX for LuaTeX (HO
)
Package pdftexcmds Info: LuaTeX not detected.
Package pdftexcmds Info: \pdf@primitive is available.
Package pdftexcmds Info: \pdf@ifprimitive is available.
Package pdftexcmds Info: \pdfdraftmode found.
Package: pdfescape 2016/05/16 v1.14 Implements pdfTeX's escape features (HO)
Package: bigintcalc 2016/05/16 v1.4 Expandable calculations on big integers (HO
)
Package: bitset 2016/05/16 v1.2 Handle bit-vector datatype (HO)
Package: uniquecounter 2016/05/16 v1.3 Provide unlimited unique counter (HO)
)
Package hobsub Info: Skipping package `hobsub' (already loaded).
Package: letltxmacro 2016/05/16 v1.5 Let assignment for LaTeX macros (HO)
Package: hopatch 2016/05/16 v1.3 Wrapper for package hooks (HO)
Package: xcolor-patch 2016/05/16 xcolor patch
Package: atveryend 2016/05/16 v1.9 Hooks at the very end of document (HO)
Package: atbegshi 2016/06/09 v1.18 At begin shipout hook (HO)
Package: refcount 2016/05/16 v3.5 Data extraction from label references (HO)
Package: hycolor 2016/05/16 v1.8 Color options for hyperref/bookmark (HO)
)
(/usr/share/texlive/texmf-dist/tex/generic/ifxetex/ifxetex.sty
Package: ifxetex 2010/09/12 v0.6 Provides ifxetex conditional
)
(/usr/share/texlive/texmf-dist/tex/latex/oberdiek/auxhook.sty
Package: auxhook 2016/05/16 v1.4 Hooks for auxiliary files (HO)
)
(/usr/share/texlive/texmf-dist/tex/latex/oberdiek/kvoptions.sty
Package: kvoptions 2016/05/16 v3.12 Key value format for package options (HO)
)
\@linkdim=\dimen177
\Hy@linkcounter=\count130
\Hy@pagecounter=\count131

(/usr/share/texlive/texmf-dist/tex/latex/hyperref/pd1enc.def
File: pd1enc.def 2018/02/06 v6.86b Hyperref: PDFDocEncoding definition (HO)
)
\Hy@SavedSpaceFactor=\count132

(/usr/share/texlive/texmf-dist/tex/latex/latexconfig/hyperref.cfg
File: hyperref.cfg 2002/06/06 v1.2 hyperref configuration of TeXLive
)
Package hyperref Info: Hyper figures OFF on input line 4509.
Package hyperref Info: Link nesting OFF on input line 4514.
Package hyperref Info: Hyper index ON on input line 4517.
Package hyperref Info: Plain pages OFF on input line 4524.
Package hyperref Info: Backreferencing OFF on input line 4529.
Package hyperref Info: Implicit mode ON; LaTeX internals redefined.
Package hyperref Info: Bookmarks ON on input line 4762.
\c@Hy@tempcnt=\count133

(/usr/share/texlive/texmf-dist/tex/latex/url/url.sty
\Urlmuskip=\muskip11
Package: url 2013/09/16  ver 3.4  Verb mode for urls, etc.
)
LaTeX Info: Redefining \url on input line 5115.
\XeTeXLinkMargin=\dimen178
\Fld@menulength=\count134
\Field@Width=\dimen179
\Fld@charsize=\dimen180
Package hyperref Info: Hyper figures OFF on input line 6369.
Package hyperref Info: Link nesting OFF on input line 6374.
Package hyperref Info: Hyper index ON on input line 6377.
Package hyperref Info: backreferencing OFF on input line 6384.
Package hyperref Info: Link coloring OFF on input line 6389.
Package hyperref Info: Link coloring with OCG OFF on input line 6394.
Package hyperref Info: PDF/A mode OFF on input line 6399.
LaTeX Info: Redefining \ref on input line 6439.
LaTeX Info: Redefining \pageref on input line 6443.
\Hy@abspage=\count135
\c@Item=\count136
\c@Hfootnote=\count137
)
Package hyperref Info: Driver (autodetected): hpdftex.

(/usr/share/texlive/texmf-dist/tex/latex/hyperref/hpdftex.def
File: hpdftex.def 2018/02/06 v6.86b Hyperref driver for pdfTeX
\Fld@listcount=\count138
\c@bookmark@seq@number=\count139

(/usr/share/texlive/texmf-dist/tex/latex/oberdiek/rerunfilecheck.sty
Package: rerunfilecheck 2016/05/16 v1.8 Rerun checks for auxiliary files (HO)
Package uniquecounter Info: New unique counter `rerunfilecheck' on input line 2
82.
)
\Hy@SectionHShift=\skip57
)
(./main.aux)
\openout1 = `main.aux'.

LaTeX Font Info:    Checking defaults for OML/cmm/m/it on input line 120.
LaTeX Font Info:    ... okay on input line 120.
LaTeX Font Info:    Checking defaults for T1/cmr/m/n on input line 120.
LaTeX Font Info:    ... okay on input line 120.
LaTeX Font Info:    Checking defaults for OT1/cmr/m/n on input line 120.
LaTeX Font Info:    ... okay on input line 120.
LaTeX Font Info:    Checking defaults for OMS/cmsy/m/n on input line 120.
LaTeX Font Info:    ... okay on input line 120.
LaTeX Font Info:    Checking defaults for OMX/cmex/m/n on input line 120.
LaTeX Font Info:    ... okay on input line 120.
LaTeX Font Info:    Checking defaults for U/cmr/m/n on input line 120.
LaTeX Font Info:    ... okay on input line 120.
LaTeX Font Info:    Checking defaults for TS1/cmr/m/n on input line 120.
LaTeX Font Info:    Try loading font information for TS1+cmr on input line 120.

 (/usr/share/texlive/texmf-dist/tex/latex/base/ts1cmr.fd
File: ts1cmr.fd 2014/09/29 v2.5h Standard LaTeX font definitions
)
LaTeX Font Info:    ... okay on input line 120.
LaTeX Font Info:    Checking defaults for PD1/pdf/m/n on input line 120.
LaTeX Font Info:    ... okay on input line 120.

ABD: EveryShipout initializing macros
(/usr/share/texlive/texmf-dist/tex/context/base/mkii/supp-pdf.mkii
[Loading MPS to PDF converter (version 2006.09.02).]
\scratchcounter=\count140
\scratchdimen=\dimen181
\scratchbox=\box50
\nofMPsegments=\count141
\nofMParguments=\count142
\everyMPshowfont=\toks39
\MPscratchCnt=\count143
\MPscratchDim=\dimen182
\MPnumerator=\count144
\makeMPintoPDFobject=\count145
\everyMPtoPDFconversion=\toks40
) (/usr/share/texlive/texmf-dist/tex/latex/oberdiek/epstopdf-base.sty
Package: epstopdf-base 2016/05/15 v2.6 Base part for package epstopdf

(/usr/share/texlive/texmf-dist/tex/latex/oberdiek/grfext.sty
Package: grfext 2016/05/16 v1.2 Manage graphics extensions (HO)
)
Package epstopdf-base Info: Redefining graphics rule for `.eps' on input line 4
38.
Package grfext Info: Graphics extension search list:
(grfext)             [.pdf,.png,.jpg,.mps,.jpeg,.jbig2,.jb2,.PDF,.PNG,.JPG,.JPE
G,.JBIG2,.JB2,.eps]
(grfext)             \AppendGraphicsExtensions on input line 456.

(/usr/share/texlive/texmf-dist/tex/latex/latexconfig/epstopdf-sys.cfg
File: epstopdf-sys.cfg 2010/07/13 v1.3 Configuration of (r)epstopdf for TeX Liv
e
))
\c@lstlisting=\count146
Package caption Info: Begin \AtBeginDocument code.
Package caption Info: hyperref package is loaded.
Package caption Info: End \AtBeginDocument code.
\AtBeginShipoutBox=\box51
Package hyperref Info: Link coloring OFF on input line 120.

(/usr/share/texlive/texmf-dist/tex/latex/hyperref/nameref.sty
Package: nameref 2016/05/21 v2.44 Cross-referencing by name of section

(/usr/share/texlive/texmf-dist/tex/generic/oberdiek/gettitlestring.sty
Package: gettitlestring 2016/05/16 v1.5 Cleanup title references (HO)
)
\c@section@level=\count147
)
LaTeX Info: Redefining \ref on input line 120.
LaTeX Info: Redefining \pageref on input line 120.
LaTeX Info: Redefining \nameref on input line 120.

(./main.out) (./main.out)
\@outlinefile=\write6
\openout6 = `main.out'.

LaTeX Font Info:    Try loading font information for U+msa on input line 125.

(/usr/share/texlive/texmf-dist/tex/latex/amsfonts/umsa.fd
File: umsa.fd 2013/01/14 v3.01 AMS symbols A
)
LaTeX Font Info:    Try loading font information for U+msb on input line 125.

(/usr/share/texlive/texmf-dist/tex/latex/amsfonts/umsb.fd
File: umsb.fd 2013/01/14 v3.01 AMS symbols B
) (./python_setup.tex
Overfull \hbox (10.22061pt too wide) in paragraph at lines 14--15
\OT1/cmr/m/n/10 this tu-to-rial for de-tails \OT1/cmtt/m/n/10 https://towardsda
tascience.com/managing-
 []

[1

{/var/lib/texmf/fonts/map/pdftex/updmap/pdftex.map}]) (./deconv.tex [2]
[3] [4] [5] [6]
LaTeX Font Info:    Font shape `OT1/cmtt/bx/n' in size <12> not available
(Font)              Font shape `OT1/cmtt/m/n' tried instead on input line 164.

Overfull \hbox (23.54572pt too wide) in paragraph at lines 170--170
[]                     \OT1/cmtt/m/n/9 [--CleanModified.show_plots] [--CleanMod
ified.save_plots][] 
 []


Overfull \hbox (37.72055pt too wide) in paragraph at lines 171--171
[]                     \OT1/cmtt/m/n/9 [--CleanModified.plot_dir str] [--CleanM
odified.verbose int][] 
 []


Overfull \hbox (47.17044pt too wide) in paragraph at lines 172--172
[]                     \OT1/cmtt/m/n/9 [--CleanModified.n_iter int] [--CleanMod
ified.loop_gain float][] 
 []


Overfull \hbox (4.64594pt too wide) in paragraph at lines 188--188
[]                \OT1/cmtt/m/n/9 ../path/to/datafile.fits{ext}[slice_tuple](im
g_axes_tuple)[] 
 []


Overfull \hbox (84.97pt too wide) in paragraph at lines 190--190
[]                                \OT1/cmtt/m/n/9 Extension of the FITS file to
 operate upon, if not present,[] 
 []


Overfull \hbox (32.9956pt too wide) in paragraph at lines 191--191
[]                                \OT1/cmtt/m/n/9 will use the first extension 
that has some data.[] 
 []


Overfull \hbox (61.34528pt too wide) in paragraph at lines 193--193
[]                                \OT1/cmtt/m/n/9 Slice of the data to operate 
upon, useful for choosing[] 
 []


Overfull \hbox (56.62033pt too wide) in paragraph at lines 194--194
[]                                \OT1/cmtt/m/n/9 a subset of wavelength channe
ls. If not present, will[] 
 []


Overfull \hbox (18.82077pt too wide) in paragraph at lines 195--195
[]                                \OT1/cmtt/m/n/9 assume all wavelengths are to
 be deconvolved.[] 
 []


Overfull \hbox (56.62033pt too wide) in paragraph at lines 197--197
[]                                \OT1/cmtt/m/n/9 Tuple of the spatial axes ind
ices, uses FITS ordering[] 
 []


Overfull \hbox (66.07022pt too wide) in paragraph at lines 198--198
[]                                \OT1/cmtt/m/n/9 if +ve, numpy ordering if -ve
. Usually the RA,DEC axes.[] 
 []


Overfull \hbox (70.79517pt too wide) in paragraph at lines 202--202
[]                                \OT1/cmtt/m/n/9 Select the extension called '
PRIMARY' and deconvolve the[] 
 []


Overfull \hbox (70.79517pt too wide) in paragraph at lines 205--205
[]                                \OT1/cmtt/m/n/9 Try to guess the extension to
 use, deconvolve every 50th[] 
 []

[7]
Overfull \hbox (80.24506pt too wide) in paragraph at lines 210--210
[]                                \OT1/cmtt/m/n/9 use the 1st extension (not th
e 0th), deconvolve every 10th[] 
 []


Overfull \hbox (75.52011pt too wide) in paragraph at lines 211--211
[]                                \OT1/cmtt/m/n/9 channel in the range 5->500, 
the spatial axes are 0th and[] 
 []


Overfull \hbox (51.89539pt too wide) in paragraph at lines 218--218
[]  \OT1/cmtt/m/n/9 OBS_FITS_PATH         Observation file to operate upon, use
s FITS file path format[] 
 []


Overfull \hbox (80.24506pt too wide) in paragraph at lines 219--219
[]  \OT1/cmtt/m/n/9 PSF_FITS_PATH         Point Spread Function (PSF) to use du
ring deconvolution, uses FITS[] 
 []


Overfull \hbox (84.97pt too wide) in paragraph at lines 224--224
[]  \OT1/cmtt/m/n/9 --output.file str     file to output deconvolved data to. (
default: ./output/deconv.fits)[] 
 []


Overfull \hbox (47.17044pt too wide) in paragraph at lines 226--226
[]                        \OT1/cmtt/m/n/9 Should we overwrite the output file o
r not? (default: True)[] 
 []


Overfull \hbox (51.89539pt too wide) in paragraph at lines 230--230
[]        \OT1/cmtt/m/n/9 A modified verison of the CLEAN algorithm, designed t
o account for non-point[] 
 []


Overfull \hbox (84.97pt too wide) in paragraph at lines 234--234
[]        \OT1/cmtt/m/n/9 Creation of the class sets up the attributes that def
ine how the algorithm behaves,[] 
 []


Overfull \hbox (23.54572pt too wide) in paragraph at lines 239--239
[]                         \OT1/cmtt/m/n/9 should plots be displayed interactiv
ely when running?[] 
 []


Overfull \hbox (66.07022pt too wide) in paragraph at lines 245--245
[]                         \OT1/cmtt/m/n/9 folder to save plots to (if they sho
uld be saved), relative to[] 
 []


Overfull \hbox (84.97pt too wide) in paragraph at lines 255--255
[]                         \OT1/cmtt/m/n/9 Fraction of emission that could be a
ccounted for by a PSF added to[] 
 []


Overfull \hbox (84.97pt too wide) in paragraph at lines 256--256
[]                         \OT1/cmtt/m/n/9 components each iteration. Higher va
lues are faster, but unstable.[] 
 []


Overfull \hbox (75.52011pt too wide) in paragraph at lines 257--257
[]                         \OT1/cmtt/m/n/9 I may want a way to scale this with 
the number of iterations, or[] 
 []


Overfull \hbox (70.79517pt too wide) in paragraph at lines 258--258
[]                         \OT1/cmtt/m/n/9 with the amount of point-like source
s found each step. Once the[] 
 []


Overfull \hbox (80.24506pt too wide) in paragraph at lines 259--259
[]                         \OT1/cmtt/m/n/9 image becomes noisy (i.e. is already
 noisy, or only noise left in[] 
 []


Overfull \hbox (75.52011pt too wide) in paragraph at lines 260--260
[]                         \OT1/cmtt/m/n/9 map), this can lead to stippling acc
ross the image when it's too[] 
 []


Underfull \vbox (badness 10000) has occurred while \output is active []

 [8]
Overfull \hbox (84.97pt too wide) in paragraph at lines 264--264
[]                         \OT1/cmtt/m/n/9 Fraction of maximum brightness above
 which pixels will be included[] 
 []


Overfull \hbox (61.34528pt too wide) in paragraph at lines 268--268
[]                                        \OT1/cmtt/m/n/9 Uses "otsu thresholdi
ng" to guess a good value[] 
 []


Overfull \hbox (75.52011pt too wide) in paragraph at lines 270--270
[]                                        \OT1/cmtt/m/n/9 Uses multiple "otsu t
hresholds" each iteration to[] 
 []


Overfull \hbox (75.52011pt too wide) in paragraph at lines 271--271
[]                                        \OT1/cmtt/m/n/9 get a value, and then
 applies the threshold value[] 
 []


Overfull \hbox (66.07022pt too wide) in paragraph at lines 272--272
[]                                        \OT1/cmtt/m/n/9 so that higher order 
otsu threholds result in a[] 
 []


Overfull \hbox (56.62033pt too wide) in paragraph at lines 273--273
[]                                        \OT1/cmtt/m/n/9 much larger effective
 "self.threshold" value.[] 
 []


Overfull \hbox (51.89539pt too wide) in paragraph at lines 274--274
[]                                        \OT1/cmtt/m/n/9 Useful for deconvolvi
ng bright features on a[] 
 []


Overfull \hbox (66.07022pt too wide) in paragraph at lines 277--277
[]                                        \OT1/cmtt/m/n/9 Uses multiple "otsu t
hresholds" each iteration,[] 
 []


Overfull \hbox (80.24506pt too wide) in paragraph at lines 278--278
[]                                        \OT1/cmtt/m/n/9 chooses a higher orde
r one based onhow many pixels[] 
 []


Overfull \hbox (66.07022pt too wide) in paragraph at lines 279--279
[]                                        \OT1/cmtt/m/n/9 the higher order thre
shold rejects. Selects for[] 
 []


Overfull \hbox (56.62033pt too wide) in paragraph at lines 280--280
[]                                        \OT1/cmtt/m/n/9 many pixels rejected 
as this should mean that[] 
 []


Overfull \hbox (70.79517pt too wide) in paragraph at lines 281--281
[]                                        \OT1/cmtt/m/n/9 small-but-bright feat
ures are deconvolved first.[] 
 []


Overfull \hbox (80.24506pt too wide) in paragraph at lines 283--283
[]                                        \OT1/cmtt/m/n/9 Uses "otsu thresholdi
ng" each iteration, just uses[] 
 []


Overfull \hbox (56.62033pt too wide) in paragraph at lines 287--287
[]                         \OT1/cmtt/m/n/9 Number of iterations to do that only
 "adds" emission, before[] 
 []


Overfull \hbox (80.24506pt too wide) in paragraph at lines 291--291
[]                         \OT1/cmtt/m/n/9 Estimate of the deviation of the noi
se present in the observation[] 
 []


Overfull \hbox (84.97pt too wide) in paragraph at lines 294--294
[]                         \OT1/cmtt/m/n/9 Fraction of original RMS of residual
 at which iteration is stopped[] 
 []


Overfull \hbox (84.97pt too wide) in paragraph at lines 297--297
[]                         \OT1/cmtt/m/n/9 Fraction of original Absolute Bright
est Pixel of residual at which[] 
 []

) (./ssa_filtering.tex
Underfull \vbox (badness 1776) has occurred while \output is active []

 [9]
[10] [11]
Underfull \hbox (badness 10000) in paragraph at lines 129--130

 []


Underfull \hbox (badness 10000) in paragraph at lines 107--130

 []


Underfull \vbox (badness 10000) has occurred while \output is active []

 [12]
[13]) (./interpolation.tex
Overfull \hbox (31.47635pt too wide) in paragraph at lines 26--27
   [] [][][][][][] \OT1/cmr/m/n/10 other key-word ar-gu-ments are for-warded to
 [][][][][][]. 
 []

) (./psf_modelling.tex [14]
Overfull \hbox (10.17949pt too wide) in paragraph at lines 7--8
   [] \OT1/cmr/m/n/10 Point Spread Func-tion (PSF) $\OMS/cmsy/m/n/10 j[]j[] \OT
1/cmr/m/n/10 = \OMS/cmsy/m/n/10 F[] [] F [] \OT1/cmr/m/n/10 = \OMS/cmsy/m/n/10 
F []$\OT1/cmr/m/n/10 .
 []

[15] [16]
Underfull \hbox (badness 10000) in paragraph at lines 87--88

 []


Underfull \hbox (badness 10000) in paragraph at lines 86--88

 []


Overfull \hbox (14.19046pt too wide) detected at line 110
[]
 []


Underfull \vbox (badness 1902) has occurred while \output is active []

 [17]

LaTeX Warning: Reference `eq:intensity_coheret' on page 18 undefined on input l
ine 111.

[18]) (./psf_asymmetries.tex
Underfull \hbox (badness 10000) in paragraph at lines 33--35
\OT1/cmr/m/n/9 (`DATA', `SCI').
 []


Underfull \hbox (badness 4819) in paragraph at lines 33--35
\OT1/cmr/m/n/9 Oth-er-wise will use
 []


Underfull \hbox (badness 3396) in paragraph at lines 39--40
[]|\OT1/cmr/m/n/9 Path to the FITS file of the
 []

LaTeX Font Info:    Try loading font information for TS1+cmtt on input line 40.

(/usr/share/texlive/texmf-dist/tex/latex/base/ts1cmtt.fd
File: ts1cmtt.fd 2014/09/29 v2.5h Standard LaTeX font definitions
)
Underfull \hbox (badness 10000) in paragraph at lines 40--42
[]|\OT1/cmtt/m/n/9 `../\TS1/cmtt/m/n/9 <\OT1/cmtt/m/n/9 basename\TS1/cmtt/m/n/9
 >[]
 []


Underfull \hbox (badness 10000) in paragraph at lines 40--42
\OT1/cmtt/m/n/9 standard[]
 []


Underfull \hbox (badness 10000) in paragraph at lines 47--49
\OT1/cmr/m/n/9 (`DATA', `SCI').
 []


Underfull \hbox (badness 4819) in paragraph at lines 47--49
\OT1/cmr/m/n/9 Oth-er-wise will use
 []


Underfull \hbox (badness 1953) in paragraph at lines 53--54
\OT1/cmr/m/n/9 lengthy in-ter-me-di-ate cal-cu-la-tions
 []


Overfull \hbox (7.81544pt too wide) in paragraph at lines 54--56
[]|\OT1/cmtt/m/n/9 `./cache/\TS1/cmtt/m/n/9 <\OT1/cmtt/m/n/9 basename\TS1/cmtt/
m/n/9 >[]
 []


Underfull \hbox (badness 10000) in paragraph at lines 61--63
[]|\OT1/cmtt/m/n/9 `./\TS1/cmtt/m/n/9 <\OT1/cmtt/m/n/9 basename\TS1/cmtt/m/n/9 
>[]
 []


Underfull \hbox (badness 10000) in paragraph at lines 61--63
\OT1/cmtt/m/n/9 asym[]
 []


Underfull \hbox (badness 3302) in paragraph at lines 81--82
[]|\OT1/cmr/m/n/9 A con-stant shift to ap-ply be-
 []


Underfull \hbox (badness 1158) in paragraph at lines 81--82
\OT1/cmr/m/n/9 tween the [][]\OT1/cmtt/m/n/9 file_obs []\OT1/cmr/m/n/9 in-dices
 and
 []


Overfull \hbox (43.9909pt too wide) in paragraph at lines 17--100
[][]
 []


LaTeX Warning: Float too large for page by 31.3188pt on input line 101.


LaTeX Warning: `!h' float specifier changed to `!ht'.

[19]) (./overall_procedure.tex
Overfull \hbox (6.94504pt too wide) in paragraph at lines 23--24
[]\OT1/cmr/m/n/10 Deterimine de-con-vo-lu-tion pa-ram-e-ters, this usu-ally in-
volves ed-u-cated guesses
 []

[20]) (./other_routines.tex
<figures/fitscube_disk_finder.png, id=359, 1137.5298pt x 704.6325pt>
File: figures/fitscube_disk_finder.png Graphic file (type png)
<use figures/fitscube_disk_finder.png>
Package pdftex.def Info: figures/fitscube_disk_finder.png  used on input line 6
.
(pdftex.def)             Requested size: 345.0pt x 213.70302pt.


LaTeX Warning: `!h' float specifier changed to `!ht'.


Overfull \hbox (8.86952pt too wide) in paragraph at lines 15--16
\OT1/cmr/m/n/10 Located in [][][][][][], there are two python files. [][][][][]
[]
 []

[21]) (./main.bbl [22 <./figures/fitscube_disk_finder.png>]
Underfull \hbox (badness 10000) in paragraph at lines 28--34
[]\OT1/cmr/m/n/10 UNKNOWN AU-THOR.  Lucy ri-card-son deriva-
 []


Underfull \hbox (badness 10000) in paragraph at lines 28--34
\OT1/cmr/m/n/10 tion.  https://en.wikipedia.org/wiki/Richardson-Lucy[]
 []

Missing character: There is no √ in font cmr10!
Missing character: There is no º in font cmr10!
[23]
Underfull \hbox (badness 10000) in paragraph at lines 121--125
[]\OT1/cmr/m/n/10 Paul Bourke.  In-ter-po-la-tion meth-ods.
 []


Underfull \hbox (badness 7576) in paragraph at lines 121--125
\OT1/cmr/m/n/10 http://paulbourke.net/miscellaneous/interpolation/, 2022.  [On-
line;
 []


Underfull \hbox (badness 10000) in paragraph at lines 146--150
[]\OT1/cmr/m/n/10 Various.  Ao sum-mer conf. 2004 book.
 []


Underfull \hbox (badness 4467) in paragraph at lines 146--150
\OT1/cmr/m/n/10 https://cfao.ucolick.org/aosummer/book/, 2004.  [On-line; ac-ce
ssed
 []

Missing character: There is no ‚ in font cmr10!
Missing character: There is no Ä in font cmr10!
Missing character: There is no ú in font cmr10!
Missing character: There is no ‚ in font cmr10!
Missing character: There is no Ä in font cmr10!
Missing character: There is no ù in font cmr10!

Underfull \hbox (badness 1038) in paragraph at lines 194--201
\OT1/cmr/m/n/10 0-12-805357-7.  doi: $https : / / doi . org / 10 . 1016 / B978-
 [] 0- [] 12- [] 805357- [] 7 .
 []


Underfull \hbox (badness 1038) in paragraph at lines 203--210
\OT1/cmr/m/n/10 0-12-629810-9.  doi: $https : / / doi . org / 10 . 1016 / B978-
 [] 0- [] 12- [] 629810- [] 9 .
 []

[24]) [25]
Package atveryend Info: Empty hook `BeforeClearDocument' on input line 167.
 [26]
Package atveryend Info: Empty hook `AfterLastShipout' on input line 167.
 (./main.aux)
Package atveryend Info: Executing hook `AtVeryEndDocument' on input line 167.
Package atveryend Info: Executing hook `AtEndAfterFileList' on input line 167.
Package rerunfilecheck Info: File `main.out' has not changed.
(rerunfilecheck)             Checksum: 76A8B8A6AC199134D477B2A5C46D0DCB;1953.


LaTeX Warning: There were undefined references.

 ) 
Here is how much of TeX's memory you used:
 20150 strings out of 492982
 360735 string characters out of 6134895
 447013 words of memory out of 5000000
 23217 multiletter control sequences out of 15000+600000
 21586 words of font info for 81 fonts, out of 8000000 for 9000
 1141 hyphenation exceptions out of 8191
 54i,19n,92p,1358b,1277s stack positions out of 5000i,500n,10000p,200000b,80000s
{/usr/share/texmf/fonts/enc/dvips/cm-super/cm-super-ts1.enc}</usr/share/texli
ve/texmf-dist/fonts/type1/public/amsfonts/cm/cmbx10.pfb></usr/share/texlive/tex
mf-dist/fonts/type1/public/amsfonts/cm/cmbx12.pfb></usr/share/texlive/texmf-dis
t/fonts/type1/public/amsfonts/cm/cmbx9.pfb></usr/share/texlive/texmf-dist/fonts
/type1/public/amsfonts/cm/cmcsc10.pfb></usr/share/texlive/texmf-dist/fonts/type
1/public/amsfonts/cm/cmex10.pfb></usr/share/texlive/texmf-dist/fonts/type1/publ
ic/amsfonts/cm/cmmi10.pfb></usr/share/texlive/texmf-dist/fonts/type1/public/ams
fonts/cm/cmmi5.pfb></usr/share/texlive/texmf-dist/fonts/type1/public/amsfonts/c
m/cmmi7.pfb></usr/share/texlive/texmf-dist/fonts/type1/public/amsfonts/cm/cmmi9
.pfb></usr/share/texlive/texmf-dist/fonts/type1/public/amsfonts/cm/cmmib10.pfb>
</usr/share/texlive/texmf-dist/fonts/type1/public/amsfonts/cm/cmr10.pfb></usr/s
hare/texlive/texmf-dist/fonts/type1/public/amsfonts/cm/cmr12.pfb></usr/share/te
xlive/texmf-dist/fonts/type1/public/amsfonts/cm/cmr17.pfb></usr/share/texlive/t
exmf-dist/fonts/type1/public/amsfonts/cm/cmr5.pfb></usr/share/texlive/texmf-dis
t/fonts/type1/public/amsfonts/cm/cmr6.pfb></usr/share/texlive/texmf-dist/fonts/
type1/public/amsfonts/cm/cmr7.pfb></usr/share/texlive/texmf-dist/fonts/type1/pu
blic/amsfonts/cm/cmr8.pfb></usr/share/texlive/texmf-dist/fonts/type1/public/ams
fonts/cm/cmr9.pfb></usr/share/texlive/texmf-dist/fonts/type1/public/amsfonts/cm
/cmsy10.pfb></usr/share/texlive/texmf-dist/fonts/type1/public/amsfonts/cm/cmsy5
.pfb></usr/share/texlive/texmf-dist/fonts/type1/public/amsfonts/cm/cmsy7.pfb></
usr/share/texlive/texmf-dist/fonts/type1/public/amsfonts/cm/cmsy9.pfb></usr/sha
re/texlive/texmf-dist/fonts/type1/public/amsfonts/cm/cmti10.pfb></usr/share/tex
live/texmf-dist/fonts/type1/public/amsfonts/cm/cmti8.pfb></usr/share/texlive/te
xmf-dist/fonts/type1/public/amsfonts/cm/cmtt10.pfb></usr/share/texlive/texmf-di
st/fonts/type1/public/amsfonts/cm/cmtt12.pfb></usr/share/texlive/texmf-dist/fon
ts/type1/public/amsfonts/cm/cmtt8.pfb></usr/share/texlive/texmf-dist/fonts/type
1/public/amsfonts/cm/cmtt9.pfb></usr/share/texlive/texmf-dist/fonts/type1/publi
c/amsfonts/symbols/msam10.pfb></usr/share/texlive/texmf-dist/fonts/type1/public
/amsfonts/symbols/msbm10.pfb></usr/share/texmf/fonts/type1/public/cm-super/sfrm
1000.pfb></usr/share/texmf/fonts/type1/public/cm-super/sftt0800.pfb></usr/share
/texmf/fonts/type1/public/cm-super/sftt0900.pfb>
Output written on main.pdf (26 pages, 551172 bytes).
PDF statistics:
 547 PDF objects out of 1000 (max. 8388607)
 479 compressed objects within 5 object streams
 119 named destinations out of 1000 (max. 500000)
 266 words of extra memory for PDF output out of 10000 (max. 10000000)

