\BOOKMARK [1][-]{section.1}{Python Setup}{}% 1
\BOOKMARK [2][-]{subsection.1.1}{Useful Information}{section.1}% 2
\BOOKMARK [2][-]{subsection.1.2}{Background}{section.1}% 3
\BOOKMARK [1][-]{section.2}{Deconvolution}{}% 4
\BOOKMARK [2][-]{subsection.2.1}{Notation}{section.2}% 5
\BOOKMARK [2][-]{subsection.2.2}{PSF Normalisation}{section.2}% 6
\BOOKMARK [2][-]{subsection.2.3}{Background}{section.2}% 7
\BOOKMARK [3][-]{subsubsection.2.3.1}{Lucy-Richardson}{subsection.2.3}% 8
\BOOKMARK [3][-]{subsubsection.2.3.2}{Modified CLEAN}{subsection.2.3}% 9
\BOOKMARK [2][-]{subsection.2.4}{Usage of ./tutorial\1370\137deconv/run\137deconv.py}{section.2}% 10
\BOOKMARK [1][-]{section.3}{SSA Filtering}{}% 11
\BOOKMARK [2][-]{subsection.3.1}{Background}{section.3}% 12
\BOOKMARK [2][-]{subsection.3.2}{Why go to the trouble?}{section.3}% 13
\BOOKMARK [3][-]{subsubsection.3.2.1}{Singular Value Decomposition}{subsection.3.2}% 14
\BOOKMARK [3][-]{subsubsection.3.2.2}{Method}{subsection.3.2}% 15
\BOOKMARK [1][-]{section.4}{Interpolation}{}% 16
\BOOKMARK [2][-]{subsection.4.1}{Usage}{section.4}% 17
\BOOKMARK [1][-]{section.5}{PSF Modelling}{}% 18
\BOOKMARK [2][-]{subsection.5.1}{Notation}{section.5}% 19
\BOOKMARK [2][-]{subsection.5.2}{Background}{section.5}% 20
\BOOKMARK [2][-]{subsection.5.3}{Why I Think Fetick's Treatment Is Being Weird}{section.5}% 21
\BOOKMARK [1][-]{section.6}{PSF Asymmetries}{}% 22
\BOOKMARK [2][-]{subsection.6.1}{Usage}{section.6}% 23
\BOOKMARK [2][-]{subsection.6.2}{Description}{section.6}% 24
\BOOKMARK [1][-]{section.7}{Overall Procedure}{}% 25
\BOOKMARK [1][-]{section.8}{Other Routines}{}% 26
\BOOKMARK [2][-]{subsection.8.1}{Disk Fitter \(tutorial 5\)}{section.8}% 27
\BOOKMARK [2][-]{subsection.8.2}{Webservices}{section.8}% 28
\BOOKMARK [2][-]{subsection.8.3}{Nemesis}{section.8}% 29
\BOOKMARK [2][-]{subsection.8.4}{fitscube/process}{section.8}% 30
\BOOKMARK [2][-]{subsection.8.5}{astro\137resources.py}{section.8}% 31
